max_epoch=200,batch_size=256,lr=0.001000
e	train_loss	train_acc	valid_loss	valid_acc
1	0.018512	0.009250	0.018269	0.029000
2	0.018199	0.021750	0.017838	0.060000
3	0.017464	0.048500	0.016440	0.094000
4	0.016177	0.065250	0.015142	0.154000
5	0.015220	0.091750	0.014218	0.209000
6	0.014341	0.133250	0.013293	0.240000
7	0.013484	0.164500	0.012587	0.284000
8	0.012534	0.219250	0.011571	0.327000
9	0.011805	0.261250	0.010948	0.366000
10	0.010982	0.305750	0.010402	0.385000
11	0.010424	0.334750	0.010044	0.395000
12	0.010023	0.352250	0.009816	0.406000
13	0.009559	0.384000	0.009308	0.435000
14	0.009052	0.405750	0.008924	0.449000
15	0.008578	0.437500	0.008653	0.449000
16	0.008229	0.456500	0.008548	0.466000
17	0.007936	0.478750	0.008268	0.484000
18	0.007717	0.488750	0.008297	0.468000
19	0.007431	0.509750	0.008135	0.482000
20	0.007158	0.525250	0.007858	0.511000
21	0.006847	0.542000	0.007923	0.495000
22	0.006617	0.560000	0.007490	0.530000
23	0.006426	0.557250	0.007592	0.524000
24	0.006144	0.585750	0.007359	0.533000
25	0.006060	0.591250	0.007627	0.520000
26	0.005871	0.603250	0.007284	0.533000
27	0.005649	0.614750	0.007210	0.545000
28	0.005432	0.625000	0.007035	0.552000
29	0.005256	0.635500	0.007152	0.543000
30	0.005208	0.634750	0.007109	0.540000
31	0.005083	0.653500	0.006850	0.559000
32	0.004797	0.660750	0.006922	0.559000
33	0.004620	0.670000	0.006719	0.574000
34	0.004613	0.681750	0.006787	0.559000
35	0.004545	0.680250	0.006761	0.555000
36	0.004276	0.711500	0.006877	0.556000
37	0.004166	0.699250	0.006732	0.574000
38	0.003989	0.715250	0.006637	0.580000
39	0.003821	0.729500	0.006767	0.570000
40	0.003957	0.721750	0.006642	0.572000
41	0.003722	0.731000	0.006651	0.579000
42	0.003580	0.742500	0.006597	0.589000
43	0.003528	0.744250	0.006592	0.581000
44	0.003436	0.752500	0.006586	0.579000
45	0.003362	0.756000	0.006628	0.582000
46	0.003303	0.757000	0.006470	0.581000
47	0.003267	0.756500	0.006465	0.592000
48	0.003138	0.775750	0.006511	0.590000
49	0.002987	0.781500	0.006575	0.589000
50	0.002858	0.787500	0.006530	0.594000
51	0.002778	0.801750	0.006450	0.606000
52	0.002700	0.797250	0.006514	0.592000
53	0.002566	0.814750	0.006565	0.596000
54	0.002622	0.804750	0.006420	0.611000
55	0.002554	0.811250	0.006560	0.602000
56	0.002496	0.818000	0.006465	0.597000
57	0.002383	0.822500	0.006499	0.599000
58	0.002370	0.826500	0.006434	0.604000
59	0.002288	0.826250	0.006677	0.591000
60	0.002216	0.834750	0.006618	0.591000
61	0.002101	0.851000	0.006536	0.614000
62	0.002208	0.840250	0.006551	0.596000
63	0.002081	0.846750	0.006737	0.598000
64	0.002110	0.844000	0.006523	0.601000
65	0.002089	0.844000	0.006608	0.602000
66	0.002113	0.845250	0.006625	0.593000
67	0.002043	0.849750	0.006608	0.610000
68	0.001982	0.852500	0.006635	0.601000
69	0.001949	0.856750	0.006552	0.606000
70	0.001876	0.864000	0.006625	0.602000
71	0.001799	0.863000	0.006562	0.602000
72	0.001746	0.864500	0.006560	0.607000
73	0.001762	0.870000	0.006730	0.609000
74	0.001788	0.863000	0.006633	0.614000
75	0.001756	0.865750	0.006687	0.607000
76	0.001683	0.875000	0.006706	0.604000
77	0.001549	0.887750	0.006863	0.604000
78	0.001537	0.883750	0.006662	0.606000
79	0.001508	0.881750	0.006806	0.609000
80	0.001517	0.883500	0.006740	0.594000
81	0.001402	0.893750	0.006814	0.614000
82	0.001514	0.882250	0.006849	0.607000
83	0.001548	0.879250	0.006823	0.599000
84	0.001463	0.889750	0.006766	0.613000
85	0.001377	0.897500	0.006835	0.608000
86	0.001297	0.905500	0.006934	0.602000
87	0.001293	0.900250	0.006907	0.614000
88	0.001345	0.899750	0.006779	0.614000
89	0.001365	0.890500	0.006856	0.619000
90	0.001308	0.907750	0.006796	0.614000
91	0.001177	0.911250	0.006846	0.622000
92	0.001128	0.917500	0.006851	0.620000
93	0.001223	0.908250	0.007030	0.604000
94	0.001144	0.913250	0.007004	0.600000
95	0.001213	0.907250	0.006914	0.604000
96	0.001167	0.918500	0.006872	0.609000
97	0.001053	0.922750	0.007022	0.617000
98	0.001140	0.916000	0.006795	0.617000
99	0.001193	0.903750	0.007027	0.610000
100	0.001221	0.910000	0.006864	0.613000
101	0.001136	0.914000	0.007087	0.617000
102	0.001079	0.921000	0.006950	0.610000
103	0.001075	0.919250	0.007145	0.610000
104	0.001035	0.922500	0.007151	0.617000
105	0.001027	0.923500	0.007139	0.614000
106	0.001072	0.919250	0.007371	0.606000
107	0.001039	0.920000	0.007072	0.605000
108	0.001093	0.920000	0.007161	0.610000
109	0.001042	0.918250	0.007129	0.601000
110	0.001017	0.921500	0.007095	0.619000
111	0.001051	0.919500	0.007318	0.596000
112	0.000924	0.934500	0.007135	0.605000
113	0.001021	0.920500	0.007049	0.614000
114	0.001071	0.916750	0.007325	0.594000
115	0.000917	0.929750	0.007197	0.608000
116	0.000951	0.925500	0.006939	0.623000
117	0.000961	0.926000	0.007223	0.628000
118	0.000942	0.924750	0.007146	0.620000
119	0.000967	0.928750	0.007067	0.622000
120	0.000972	0.921000	0.007089	0.620000
121	0.000935	0.927750	0.007243	0.613000
122	0.000861	0.936250	0.007168	0.616000
123	0.000866	0.929750	0.007241	0.614000
124	0.000838	0.929500	0.007426	0.611000
125	0.000884	0.932500	0.007242	0.631000
126	0.000914	0.926000	0.007416	0.609000
127	0.000943	0.925750	0.007339	0.611000
128	0.000890	0.929750	0.007287	0.613000
129	0.000828	0.934500	0.007485	0.613000
130	0.000841	0.939500	0.007501	0.609000
131	0.000964	0.926500	0.007503	0.599000
132	0.000950	0.929250	0.007378	0.609000
133	0.000781	0.938000	0.007262	0.605000
134	0.000843	0.934250	0.007487	0.609000
135	0.000759	0.942000	0.007433	0.621000
136	0.000747	0.941500	0.007220	0.619000
137	0.000754	0.943000	0.007272	0.619000
138	0.000710	0.946750	0.007335	0.621000
139	0.000751	0.942500	0.007346	0.608000
140	0.000721	0.942500	0.007813	0.608000
141	0.000759	0.940500	0.007453	0.613000
142	0.000717	0.943000	0.007465	0.615000
143	0.000740	0.945750	0.007469	0.604000
144	0.000781	0.940000	0.007390	0.620000
145	0.000774	0.945500	0.007239	0.619000
146	0.000678	0.949250	0.007683	0.612000
147	0.000777	0.939750	0.007630	0.615000
148	0.000808	0.938000	0.007555	0.606000
149	0.000766	0.937250	0.007431	0.618000
150	0.000728	0.943500	0.007377	0.606000
151	0.000770	0.941500	0.007427	0.618000
152	0.000743	0.937750	0.007749	0.611000
153	0.000831	0.935500	0.007383	0.615000
154	0.000775	0.941750	0.007437	0.610000
155	0.000725	0.939000	0.007643	0.603000
156	0.000757	0.940250	0.007691	0.599000
157	0.000804	0.941000	0.007648	0.612000
158	0.000755	0.942250	0.007631	0.610000
159	0.000878	0.929750	0.007434	0.596000
160	0.000810	0.940250	0.007876	0.614000
161	0.000779	0.940000	0.007639	0.625000
162	0.000797	0.938250	0.007473	0.622000
163	0.000810	0.943250	0.007319	0.615000
164	0.000742	0.945250	0.007437	0.621000
165	0.000844	0.934250	0.007536	0.611000
166	0.000780	0.940750	0.008012	0.616000
167	0.000716	0.946250	0.007549	0.619000
168	0.000702	0.944750	0.007908	0.605000
169	0.000717	0.944500	0.007723	0.626000
170	0.000739	0.941250	0.007621	0.615000
171	0.000633	0.949250	0.007689	0.615000
172	0.000695	0.951500	0.007682	0.629000
173	0.000664	0.945500	0.007695	0.622000
174	0.000707	0.948000	0.007706	0.621000
175	0.000686	0.946250	0.007843	0.625000
176	0.000660	0.947000	0.007691	0.612000
177	0.000618	0.948250	0.007755	0.620000
178	0.000602	0.949250	0.007907	0.629000
179	0.000617	0.952750	0.007861	0.617000
180	0.000643	0.949500	0.007756	0.630000
181	0.000668	0.949250	0.007889	0.627000
182	0.000645	0.951500	0.007990	0.624000
183	0.000630	0.948750	0.008122	0.609000
184	0.000686	0.945500	0.007691	0.616000
185	0.000721	0.943250	0.008027	0.617000
186	0.000678	0.946750	0.007726	0.611000
187	0.000632	0.949250	0.007766	0.617000
188	0.000580	0.956000	0.008229	0.626000
189	0.000710	0.944750	0.008066	0.615000
190	0.000727	0.938250	0.007949	0.608000
191	0.000675	0.947500	0.008187	0.607000
192	0.000595	0.951250	0.007959	0.612000
193	0.000719	0.946750	0.007557	0.628000
194	0.000673	0.948500	0.007985	0.613000
195	0.000716	0.945250	0.007845	0.622000
196	0.000727	0.939500	0.007701	0.619000
197	0.000630	0.953000	0.007950	0.631000
198	0.000717	0.941750	0.007898	0.614000
199	0.000671	0.952250	0.008062	0.610000
200	0.000636	0.948250	0.007793	0.616000
